

*******************************************************************************
Tue Mar 13 17:16:57 2018


FIT:    data read from "Kondensatorabfall.txt"
        format = z
        #datapoints = 81
        residuals are weighted equally (unit weight)

function used for fitting: f(x)
	f(x)= a*exp(-(x/b))
fitted parameters initialized with current variable values

iter      chisq       delta/lim  lambda   a             b            
   0 8.5393793801e+04   0.00e+00  4.32e+02    1.400000e+03   1.000000e+04
   4 2.1582491238e+04  -2.69e-03  4.32e+02    1.358203e+03   1.112784e+04

After 4 iterations the fit converged.
final sum of squares of residuals : 21582.5
rel. change during last iteration : -2.68671e-08

degrees of freedom    (FIT_NDF)                        : 79
rms of residuals      (FIT_STDFIT) = sqrt(WSSR/ndf)    : 16.5286
variance of residuals (reduced chisquare) = WSSR/ndf   : 273.196

Final set of parameters            Asymptotic Standard Error
=======================            ==========================
a               = 1358.2           +/- 6.748        (0.4968%)
b               = 11127.8          +/- 80.96        (0.7275%)

correlation matrix of the fit parameters:
                a      b      
a               1.000 
b              -0.696  1.000 


*******************************************************************************
Thu Mar 15 14:06:18 2018


FIT:    data read from "Kondensatorabfall.txt"
        format = z
        #datapoints = 81
        residuals are weighted equally (unit weight)

function used for fitting: f(x)
	f(x)= a*exp(-(x/b))
fitted parameters initialized with current variable values

iter      chisq       delta/lim  lambda   a             b            
   0 8.5393793801e+04   0.00e+00  4.32e+02    1.400000e+03   1.000000e+04
   4 2.1582491238e+04  -2.69e-03  4.32e+02    1.358203e+03   1.112784e+04

After 4 iterations the fit converged.
final sum of squares of residuals : 21582.5
rel. change during last iteration : -2.68671e-08

degrees of freedom    (FIT_NDF)                        : 79
rms of residuals      (FIT_STDFIT) = sqrt(WSSR/ndf)    : 16.5286
variance of residuals (reduced chisquare) = WSSR/ndf   : 273.196

Final set of parameters            Asymptotic Standard Error
=======================            ==========================
a               = 1358.2           +/- 6.748        (0.4968%)
b               = 11127.8          +/- 80.96        (0.7275%)

correlation matrix of the fit parameters:
                a      b      
a               1.000 
b              -0.696  1.000 


*******************************************************************************
Thu Mar 15 14:06:53 2018


FIT:    data read from "Kondensatorabfall.txt"
        format = z
        #datapoints = 81
        residuals are weighted equally (unit weight)

function used for fitting: f(x)
	f(x)= a*exp(-(x/b))
fitted parameters initialized with current variable values

iter      chisq       delta/lim  lambda   a             b            
   0 8.5393793801e+04   0.00e+00  4.32e+02    1.400000e+03   1.000000e+04
   4 2.1582491238e+04  -2.69e-03  4.32e+02    1.358203e+03   1.112784e+04

After 4 iterations the fit converged.
final sum of squares of residuals : 21582.5
rel. change during last iteration : -2.68671e-08

degrees of freedom    (FIT_NDF)                        : 79
rms of residuals      (FIT_STDFIT) = sqrt(WSSR/ndf)    : 16.5286
variance of residuals (reduced chisquare) = WSSR/ndf   : 273.196

Final set of parameters            Asymptotic Standard Error
=======================            ==========================
a               = 1358.2           +/- 6.748        (0.4968%)
b               = 11127.8          +/- 80.96        (0.7275%)

correlation matrix of the fit parameters:
                a      b      
a               1.000 
b              -0.696  1.000 


*******************************************************************************
Thu Mar 15 14:07:03 2018


FIT:    data read from "Kondensatorabfall.txt"
        format = z
        #datapoints = 81
        residuals are weighted equally (unit weight)

function used for fitting: f(x)
	f(x)= a*exp(-(x/b))
fitted parameters initialized with current variable values

iter      chisq       delta/lim  lambda   a             b            
   0 8.5393793801e+04   0.00e+00  4.32e+02    1.400000e+03   1.000000e+04
   4 2.1582491238e+04  -2.69e-03  4.32e+02    1.358203e+03   1.112784e+04

After 4 iterations the fit converged.
final sum of squares of residuals : 21582.5
rel. change during last iteration : -2.68671e-08

degrees of freedom    (FIT_NDF)                        : 79
rms of residuals      (FIT_STDFIT) = sqrt(WSSR/ndf)    : 16.5286
variance of residuals (reduced chisquare) = WSSR/ndf   : 273.196

Final set of parameters            Asymptotic Standard Error
=======================            ==========================
a               = 1358.2           +/- 6.748        (0.4968%)
b               = 11127.8          +/- 80.96        (0.7275%)

correlation matrix of the fit parameters:
                a      b      
a               1.000 
b              -0.696  1.000 


*******************************************************************************
Thu Mar 15 14:08:08 2018


FIT:    data read from "Kondensatorabfall.txt"
        format = z
        #datapoints = 81
        residuals are weighted equally (unit weight)

function used for fitting: f(x)
	f(x)= a*exp(-(x/b))
fitted parameters initialized with current variable values

iter      chisq       delta/lim  lambda   a             b            
   0 8.5393793801e+04   0.00e+00  4.32e+02    1.400000e+03   1.000000e+04
   4 2.1582491238e+04  -2.69e-03  4.32e+02    1.358203e+03   1.112784e+04

After 4 iterations the fit converged.
final sum of squares of residuals : 21582.5
rel. change during last iteration : -2.68671e-08

degrees of freedom    (FIT_NDF)                        : 79
rms of residuals      (FIT_STDFIT) = sqrt(WSSR/ndf)    : 16.5286
variance of residuals (reduced chisquare) = WSSR/ndf   : 273.196

Final set of parameters            Asymptotic Standard Error
=======================            ==========================
a               = 1358.2           +/- 6.748        (0.4968%)
b               = 11127.8          +/- 80.96        (0.7275%)

correlation matrix of the fit parameters:
                a      b      
a               1.000 
b              -0.696  1.000 


*******************************************************************************
Thu Mar 15 14:08:27 2018


FIT:    data read from "Kondensatorabfall.txt"
        format = z
        #datapoints = 81
        residuals are weighted equally (unit weight)

function used for fitting: f(x)
	f(x)= a*exp(-(x/b))
fitted parameters initialized with current variable values

iter      chisq       delta/lim  lambda   a             b            
   0 8.5393793801e+04   0.00e+00  4.32e+02    1.400000e+03   1.000000e+04
   4 2.1582491238e+04  -2.69e-03  4.32e+02    1.358203e+03   1.112784e+04

After 4 iterations the fit converged.
final sum of squares of residuals : 21582.5
rel. change during last iteration : -2.68671e-08

degrees of freedom    (FIT_NDF)                        : 79
rms of residuals      (FIT_STDFIT) = sqrt(WSSR/ndf)    : 16.5286
variance of residuals (reduced chisquare) = WSSR/ndf   : 273.196

Final set of parameters            Asymptotic Standard Error
=======================            ==========================
a               = 1358.2           +/- 6.748        (0.4968%)
b               = 11127.8          +/- 80.96        (0.7275%)

correlation matrix of the fit parameters:
                a      b      
a               1.000 
b              -0.696  1.000 


*******************************************************************************
Thu Mar 15 14:09:47 2018


FIT:    data read from "Kondensatorabfall.txt"
        format = z
        #datapoints = 81
        residuals are weighted equally (unit weight)

function used for fitting: f(x)
	f(x)= a*exp(-(x/b))
fitted parameters initialized with current variable values

iter      chisq       delta/lim  lambda   a             b            
   0 8.5393793801e+04   0.00e+00  4.32e+02    1.400000e+03   1.000000e+04
   4 2.1582491238e+04  -2.69e-03  4.32e+02    1.358203e+03   1.112784e+04

After 4 iterations the fit converged.
final sum of squares of residuals : 21582.5
rel. change during last iteration : -2.68671e-08

degrees of freedom    (FIT_NDF)                        : 79
rms of residuals      (FIT_STDFIT) = sqrt(WSSR/ndf)    : 16.5286
variance of residuals (reduced chisquare) = WSSR/ndf   : 273.196

Final set of parameters            Asymptotic Standard Error
=======================            ==========================
a               = 1358.2           +/- 6.748        (0.4968%)
b               = 11127.8          +/- 80.96        (0.7275%)

correlation matrix of the fit parameters:
                a      b      
a               1.000 
b              -0.696  1.000 


*******************************************************************************
Thu Mar 15 14:10:01 2018


FIT:    data read from "Kondensatorabfall.txt"
        format = z
        #datapoints = 81
        residuals are weighted equally (unit weight)

function used for fitting: f(x)
	f(x)= a*exp(-(x/b))
fitted parameters initialized with current variable values

iter      chisq       delta/lim  lambda   a             b            
   0 8.5393793801e+04   0.00e+00  4.32e+02    1.400000e+03   1.000000e+04
   4 2.1582491238e+04  -2.69e-03  4.32e+02    1.358203e+03   1.112784e+04

After 4 iterations the fit converged.
final sum of squares of residuals : 21582.5
rel. change during last iteration : -2.68671e-08

degrees of freedom    (FIT_NDF)                        : 79
rms of residuals      (FIT_STDFIT) = sqrt(WSSR/ndf)    : 16.5286
variance of residuals (reduced chisquare) = WSSR/ndf   : 273.196

Final set of parameters            Asymptotic Standard Error
=======================            ==========================
a               = 1358.2           +/- 6.748        (0.4968%)
b               = 11127.8          +/- 80.96        (0.7275%)

correlation matrix of the fit parameters:
                a      b      
a               1.000 
b              -0.696  1.000 


*******************************************************************************
Thu Mar 15 14:10:08 2018


FIT:    data read from "Kondensatorabfall.txt"
        format = z
        #datapoints = 81
        residuals are weighted equally (unit weight)

function used for fitting: f(x)
	f(x)= a*exp(-(x/b))
fitted parameters initialized with current variable values

iter      chisq       delta/lim  lambda   a             b            
   0 8.5393793801e+04   0.00e+00  4.32e+02    1.400000e+03   1.000000e+04
   4 2.1582491238e+04  -2.69e-03  4.32e+02    1.358203e+03   1.112784e+04

After 4 iterations the fit converged.
final sum of squares of residuals : 21582.5
rel. change during last iteration : -2.68671e-08

degrees of freedom    (FIT_NDF)                        : 79
rms of residuals      (FIT_STDFIT) = sqrt(WSSR/ndf)    : 16.5286
variance of residuals (reduced chisquare) = WSSR/ndf   : 273.196

Final set of parameters            Asymptotic Standard Error
=======================            ==========================
a               = 1358.2           +/- 6.748        (0.4968%)
b               = 11127.8          +/- 80.96        (0.7275%)

correlation matrix of the fit parameters:
                a      b      
a               1.000 
b              -0.696  1.000 


*******************************************************************************
Thu Mar 15 14:10:59 2018


FIT:    data read from "Kondensatorabfall.txt"
        format = z
        x range restricted to [-8.00000 : 72.0000]
BREAK: No data to fit

*******************************************************************************
Thu Mar 15 14:11:20 2018


FIT:    data read from "Kondensatorabfall.txt"
        format = z
        x range restricted to [-8.00000 : 72.0000]
BREAK: No data to fit

*******************************************************************************
Thu Mar 15 14:11:32 2018


FIT:    data read from "Kondensatorabfall.txt"
        format = z
        #datapoints = 81
        residuals are weighted equally (unit weight)

function used for fitting: f(x)
	f(x)= a*exp(-(x/b))
fitted parameters initialized with current variable values

iter      chisq       delta/lim  lambda   a             b            
   0 8.5393793801e+04   0.00e+00  4.32e+02    1.400000e+03   1.000000e+04
   4 2.1582491238e+04  -2.69e-03  4.32e+02    1.358203e+03   1.112784e+04

After 4 iterations the fit converged.
final sum of squares of residuals : 21582.5
rel. change during last iteration : -2.68671e-08

degrees of freedom    (FIT_NDF)                        : 79
rms of residuals      (FIT_STDFIT) = sqrt(WSSR/ndf)    : 16.5286
variance of residuals (reduced chisquare) = WSSR/ndf   : 273.196

Final set of parameters            Asymptotic Standard Error
=======================            ==========================
a               = 1358.2           +/- 6.748        (0.4968%)
b               = 11127.8          +/- 80.96        (0.7275%)

correlation matrix of the fit parameters:
                a      b      
a               1.000 
b              -0.696  1.000 


*******************************************************************************
Thu Mar 15 14:15:05 2018


FIT:    data read from "Kondensatorabfall.txt"
        format = z
        #datapoints = 81
        residuals are weighted equally (unit weight)

function used for fitting: f(x)
	f(x)= a*exp(-(x/b))
fitted parameters initialized with current variable values

iter      chisq       delta/lim  lambda   a             b            
   0 8.5393793801e+04   0.00e+00  4.32e+02    1.400000e+03   1.000000e+04
   4 2.1582491238e+04  -2.69e-03  4.32e+02    1.358203e+03   1.112784e+04

After 4 iterations the fit converged.
final sum of squares of residuals : 21582.5
rel. change during last iteration : -2.68671e-08

degrees of freedom    (FIT_NDF)                        : 79
rms of residuals      (FIT_STDFIT) = sqrt(WSSR/ndf)    : 16.5286
variance of residuals (reduced chisquare) = WSSR/ndf   : 273.196

Final set of parameters            Asymptotic Standard Error
=======================            ==========================
a               = 1358.2           +/- 6.748        (0.4968%)
b               = 11127.8          +/- 80.96        (0.7275%)

correlation matrix of the fit parameters:
                a      b      
a               1.000 
b              -0.696  1.000 


*******************************************************************************
Thu Mar 15 14:16:58 2018


FIT:    data read from "Kondensatorabfall.txt"
        format = z
        #datapoints = 81
        residuals are weighted equally (unit weight)

function used for fitting: f(x)
	f(x)= a*exp(-(x/b))
fitted parameters initialized with current variable values

iter      chisq       delta/lim  lambda   a             b            
   0 8.5393793801e+04   0.00e+00  4.32e+02    1.400000e+03   1.000000e+04
   4 2.1582491238e+04  -2.69e-03  4.32e+02    1.358203e+03   1.112784e+04

After 4 iterations the fit converged.
final sum of squares of residuals : 21582.5
rel. change during last iteration : -2.68671e-08

degrees of freedom    (FIT_NDF)                        : 79
rms of residuals      (FIT_STDFIT) = sqrt(WSSR/ndf)    : 16.5286
variance of residuals (reduced chisquare) = WSSR/ndf   : 273.196

Final set of parameters            Asymptotic Standard Error
=======================            ==========================
a               = 1358.2           +/- 6.748        (0.4968%)
b               = 11127.8          +/- 80.96        (0.7275%)

correlation matrix of the fit parameters:
                a      b      
a               1.000 
b              -0.696  1.000 


*******************************************************************************
Thu Mar 15 14:17:44 2018


FIT:    data read from "Kondensatorabfall.txt"
        format = z
        #datapoints = 81
        residuals are weighted equally (unit weight)

function used for fitting: f(x)
	f(x)= a*exp(-(x/b))
fitted parameters initialized with current variable values

iter      chisq       delta/lim  lambda   a             b            
   0 8.5393793801e+04   0.00e+00  4.32e+02    1.400000e+03   1.000000e+04
   4 2.1582491238e+04  -2.69e-03  4.32e+02    1.358203e+03   1.112784e+04

After 4 iterations the fit converged.
final sum of squares of residuals : 21582.5
rel. change during last iteration : -2.68671e-08

degrees of freedom    (FIT_NDF)                        : 79
rms of residuals      (FIT_STDFIT) = sqrt(WSSR/ndf)    : 16.5286
variance of residuals (reduced chisquare) = WSSR/ndf   : 273.196

Final set of parameters            Asymptotic Standard Error
=======================            ==========================
a               = 1358.2           +/- 6.748        (0.4968%)
b               = 11127.8          +/- 80.96        (0.7275%)

correlation matrix of the fit parameters:
                a      b      
a               1.000 
b              -0.696  1.000 


*******************************************************************************
Thu Mar 15 14:32:22 2018


FIT:    data read from "Kondensatorabfall.txt"
        format = z
        #datapoints = 81
        residuals are weighted equally (unit weight)

function used for fitting: f(x)
	f(x)= a*exp(-(x/b))
fitted parameters initialized with current variable values

iter      chisq       delta/lim  lambda   a             b            
   0 8.5393793801e+04   0.00e+00  4.32e+02    1.400000e+03   1.000000e+04
   4 2.1582491238e+04  -2.69e-03  4.32e+02    1.358203e+03   1.112784e+04

After 4 iterations the fit converged.
final sum of squares of residuals : 21582.5
rel. change during last iteration : -2.68671e-08

degrees of freedom    (FIT_NDF)                        : 79
rms of residuals      (FIT_STDFIT) = sqrt(WSSR/ndf)    : 16.5286
variance of residuals (reduced chisquare) = WSSR/ndf   : 273.196

Final set of parameters            Asymptotic Standard Error
=======================            ==========================
a               = 1358.2           +/- 6.748        (0.4968%)
b               = 11127.8          +/- 80.96        (0.7275%)

correlation matrix of the fit parameters:
                a      b      
a               1.000 
b              -0.696  1.000 


*******************************************************************************
Thu Mar 15 14:33:13 2018


FIT:    data read from "Kondensatorabfall.txt"
        format = z
        #datapoints = 81
        residuals are weighted equally (unit weight)

function used for fitting: f(x)
	f(x)= a*exp(-(x/b))
fitted parameters initialized with current variable values

iter      chisq       delta/lim  lambda   a             b            
   0 8.5393793801e+04   0.00e+00  4.32e+02    1.400000e+03   1.000000e+04
   4 2.1582491238e+04  -2.69e-03  4.32e+02    1.358203e+03   1.112784e+04

After 4 iterations the fit converged.
final sum of squares of residuals : 21582.5
rel. change during last iteration : -2.68671e-08

degrees of freedom    (FIT_NDF)                        : 79
rms of residuals      (FIT_STDFIT) = sqrt(WSSR/ndf)    : 16.5286
variance of residuals (reduced chisquare) = WSSR/ndf   : 273.196

Final set of parameters            Asymptotic Standard Error
=======================            ==========================
a               = 1358.2           +/- 6.748        (0.4968%)
b               = 11127.8          +/- 80.96        (0.7275%)

correlation matrix of the fit parameters:
                a      b      
a               1.000 
b              -0.696  1.000 


*******************************************************************************
Thu Mar 15 14:34:25 2018


FIT:    data read from "Kondensatorabfall.txt"
        format = z
        #datapoints = 81
        residuals are weighted equally (unit weight)

function used for fitting: f(x)
	f(x)= a*exp(-(x/b))
fitted parameters initialized with current variable values

iter      chisq       delta/lim  lambda   a             b            
   0 8.5393793801e+04   0.00e+00  4.32e+02    1.400000e+03   1.000000e+04
   4 2.1582491238e+04  -2.69e-03  4.32e+02    1.358203e+03   1.112784e+04

After 4 iterations the fit converged.
final sum of squares of residuals : 21582.5
rel. change during last iteration : -2.68671e-08

degrees of freedom    (FIT_NDF)                        : 79
rms of residuals      (FIT_STDFIT) = sqrt(WSSR/ndf)    : 16.5286
variance of residuals (reduced chisquare) = WSSR/ndf   : 273.196

Final set of parameters            Asymptotic Standard Error
=======================            ==========================
a               = 1358.2           +/- 6.748        (0.4968%)
b               = 11127.8          +/- 80.96        (0.7275%)

correlation matrix of the fit parameters:
                a      b      
a               1.000 
b              -0.696  1.000 


*******************************************************************************
Thu Mar 15 14:34:35 2018


FIT:    data read from "Kondensatorabfall.txt"
        format = z
        #datapoints = 81
        residuals are weighted equally (unit weight)

function used for fitting: f(x)
	f(x)= a*exp(-(x/b))
fitted parameters initialized with current variable values

iter      chisq       delta/lim  lambda   a             b            
   0 8.5393793801e+04   0.00e+00  4.32e+02    1.400000e+03   1.000000e+04
   4 2.1582491238e+04  -2.69e-03  4.32e+02    1.358203e+03   1.112784e+04

After 4 iterations the fit converged.
final sum of squares of residuals : 21582.5
rel. change during last iteration : -2.68671e-08

degrees of freedom    (FIT_NDF)                        : 79
rms of residuals      (FIT_STDFIT) = sqrt(WSSR/ndf)    : 16.5286
variance of residuals (reduced chisquare) = WSSR/ndf   : 273.196

Final set of parameters            Asymptotic Standard Error
=======================            ==========================
a               = 1358.2           +/- 6.748        (0.4968%)
b               = 11127.8          +/- 80.96        (0.7275%)

correlation matrix of the fit parameters:
                a      b      
a               1.000 
b              -0.696  1.000 


*******************************************************************************
Thu Mar 15 14:38:25 2018


FIT:    data read from "Kondensatorabfall.txt"
        format = z
        #datapoints = 81
        residuals are weighted equally (unit weight)

function used for fitting: f(x)
	f(x)= a*exp(-(x/b))
fitted parameters initialized with current variable values

iter      chisq       delta/lim  lambda   a             b            
   0 8.5393793801e+04   0.00e+00  4.32e+02    1.400000e+03   1.000000e+04
   4 2.1582491238e+04  -2.69e-03  4.32e+02    1.358203e+03   1.112784e+04

After 4 iterations the fit converged.
final sum of squares of residuals : 21582.5
rel. change during last iteration : -2.68671e-08

degrees of freedom    (FIT_NDF)                        : 79
rms of residuals      (FIT_STDFIT) = sqrt(WSSR/ndf)    : 16.5286
variance of residuals (reduced chisquare) = WSSR/ndf   : 273.196

Final set of parameters            Asymptotic Standard Error
=======================            ==========================
a               = 1358.2           +/- 6.748        (0.4968%)
b               = 11127.8          +/- 80.96        (0.7275%)

correlation matrix of the fit parameters:
                a      b      
a               1.000 
b              -0.696  1.000 


*******************************************************************************
Thu Mar 15 14:38:57 2018


FIT:    data read from "Kondensatorabfall.txt"
        format = z
        #datapoints = 81
        residuals are weighted equally (unit weight)

function used for fitting: f(x)
	f(x)= a*exp(-(x/b))
fitted parameters initialized with current variable values

iter      chisq       delta/lim  lambda   a             b            
   0 8.5393793801e+04   0.00e+00  4.32e+02    1.400000e+03   1.000000e+04
   4 2.1582491238e+04  -2.69e-03  4.32e+02    1.358203e+03   1.112784e+04

After 4 iterations the fit converged.
final sum of squares of residuals : 21582.5
rel. change during last iteration : -2.68671e-08

degrees of freedom    (FIT_NDF)                        : 79
rms of residuals      (FIT_STDFIT) = sqrt(WSSR/ndf)    : 16.5286
variance of residuals (reduced chisquare) = WSSR/ndf   : 273.196

Final set of parameters            Asymptotic Standard Error
=======================            ==========================
a               = 1358.2           +/- 6.748        (0.4968%)
b               = 11127.8          +/- 80.96        (0.7275%)

correlation matrix of the fit parameters:
                a      b      
a               1.000 
b              -0.696  1.000 


*******************************************************************************
Thu Mar 15 16:15:46 2018


FIT:    data read from "Kondensatorabfall.txt"
        format = z
        #datapoints = 81
        residuals are weighted equally (unit weight)

function used for fitting: f(x)
	f(x)= a*exp(-(x/b))
fitted parameters initialized with current variable values

iter      chisq       delta/lim  lambda   a             b            
   0 8.5393793801e+04   0.00e+00  4.32e+02    1.400000e+03   1.000000e+04
   4 2.1582491238e+04  -2.69e-03  4.32e+02    1.358203e+03   1.112784e+04

After 4 iterations the fit converged.
final sum of squares of residuals : 21582.5
rel. change during last iteration : -2.68671e-08

degrees of freedom    (FIT_NDF)                        : 79
rms of residuals      (FIT_STDFIT) = sqrt(WSSR/ndf)    : 16.5286
variance of residuals (reduced chisquare) = WSSR/ndf   : 273.196

Final set of parameters            Asymptotic Standard Error
=======================            ==========================
a               = 1358.2           +/- 6.748        (0.4968%)
b               = 11127.8          +/- 80.96        (0.7275%)

correlation matrix of the fit parameters:
                a      b      
a               1.000 
b              -0.696  1.000 


*******************************************************************************
Thu Mar 15 16:19:37 2018


FIT:    data read from "Kondensatorabfall.txt"
        format = z
        #datapoints = 81
        residuals are weighted equally (unit weight)

function used for fitting: f(x)
	f(x)= a*exp(-(x/b))
fitted parameters initialized with current variable values

iter      chisq       delta/lim  lambda   a             b            
   0 8.5393793801e+04   0.00e+00  4.32e+02    1.400000e+03   1.000000e+04
   4 2.1582491238e+04  -2.69e-03  4.32e+02    1.358203e+03   1.112784e+04

After 4 iterations the fit converged.
final sum of squares of residuals : 21582.5
rel. change during last iteration : -2.68671e-08

degrees of freedom    (FIT_NDF)                        : 79
rms of residuals      (FIT_STDFIT) = sqrt(WSSR/ndf)    : 16.5286
variance of residuals (reduced chisquare) = WSSR/ndf   : 273.196

Final set of parameters            Asymptotic Standard Error
=======================            ==========================
a               = 1358.2           +/- 6.748        (0.4968%)
b               = 11127.8          +/- 80.96        (0.7275%)

correlation matrix of the fit parameters:
                a      b      
a               1.000 
b              -0.696  1.000 


*******************************************************************************
Thu Mar 15 16:20:05 2018


FIT:    data read from "Kondensatorabfall.txt"
        format = z
        #datapoints = 81
        residuals are weighted equally (unit weight)

function used for fitting: f(x)
	f(x)= a*exp(-(x/b))
fitted parameters initialized with current variable values

iter      chisq       delta/lim  lambda   a             b            
   0 8.5393793801e+04   0.00e+00  4.32e+02    1.400000e+03   1.000000e+04
   4 2.1582491238e+04  -2.69e-03  4.32e+02    1.358203e+03   1.112784e+04

After 4 iterations the fit converged.
final sum of squares of residuals : 21582.5
rel. change during last iteration : -2.68671e-08

degrees of freedom    (FIT_NDF)                        : 79
rms of residuals      (FIT_STDFIT) = sqrt(WSSR/ndf)    : 16.5286
variance of residuals (reduced chisquare) = WSSR/ndf   : 273.196

Final set of parameters            Asymptotic Standard Error
=======================            ==========================
a               = 1358.2           +/- 6.748        (0.4968%)
b               = 11127.8          +/- 80.96        (0.7275%)

correlation matrix of the fit parameters:
                a      b      
a               1.000 
b              -0.696  1.000 


*******************************************************************************
Thu Mar 15 16:24:11 2018


FIT:    data read from "Kondensatorabfall.txt"
        format = z
        #datapoints = 81
        residuals are weighted equally (unit weight)

function used for fitting: f(x)
	f(x)= a*exp(-(x/b))
fitted parameters initialized with current variable values

iter      chisq       delta/lim  lambda   a             b            
   0 8.5393793801e+04   0.00e+00  4.32e+02    1.400000e+03   1.000000e+04
   4 2.1582491238e+04  -2.69e-03  4.32e+02    1.358203e+03   1.112784e+04

After 4 iterations the fit converged.
final sum of squares of residuals : 21582.5
rel. change during last iteration : -2.68671e-08

degrees of freedom    (FIT_NDF)                        : 79
rms of residuals      (FIT_STDFIT) = sqrt(WSSR/ndf)    : 16.5286
variance of residuals (reduced chisquare) = WSSR/ndf   : 273.196

Final set of parameters            Asymptotic Standard Error
=======================            ==========================
a               = 1358.2           +/- 6.748        (0.4968%)
b               = 11127.8          +/- 80.96        (0.7275%)

correlation matrix of the fit parameters:
                a      b      
a               1.000 
b              -0.696  1.000 


*******************************************************************************
Thu Mar 15 16:24:45 2018


FIT:    data read from "Kondensatorabfall.txt"
        format = z
        #datapoints = 81
        residuals are weighted equally (unit weight)

function used for fitting: f(x)
	f(x)= a*exp(-(x/b))
fitted parameters initialized with current variable values

iter      chisq       delta/lim  lambda   a             b            
   0 8.5393793801e+04   0.00e+00  4.32e+02    1.400000e+03   1.000000e+04
   4 2.1582491238e+04  -2.69e-03  4.32e+02    1.358203e+03   1.112784e+04

After 4 iterations the fit converged.
final sum of squares of residuals : 21582.5
rel. change during last iteration : -2.68671e-08

degrees of freedom    (FIT_NDF)                        : 79
rms of residuals      (FIT_STDFIT) = sqrt(WSSR/ndf)    : 16.5286
variance of residuals (reduced chisquare) = WSSR/ndf   : 273.196

Final set of parameters            Asymptotic Standard Error
=======================            ==========================
a               = 1358.2           +/- 6.748        (0.4968%)
b               = 11127.8          +/- 80.96        (0.7275%)

correlation matrix of the fit parameters:
                a      b      
a               1.000 
b              -0.696  1.000 


*******************************************************************************
Thu Mar 15 16:24:50 2018


FIT:    data read from "Kondensatorabfall.txt"
        format = z
        #datapoints = 81
        residuals are weighted equally (unit weight)

function used for fitting: f(x)
	f(x)= a*exp(-(x/b))
fitted parameters initialized with current variable values

iter      chisq       delta/lim  lambda   a             b            
   0 8.5393793801e+04   0.00e+00  4.32e+02    1.400000e+03   1.000000e+04
   4 2.1582491238e+04  -2.69e-03  4.32e+02    1.358203e+03   1.112784e+04

After 4 iterations the fit converged.
final sum of squares of residuals : 21582.5
rel. change during last iteration : -2.68671e-08

degrees of freedom    (FIT_NDF)                        : 79
rms of residuals      (FIT_STDFIT) = sqrt(WSSR/ndf)    : 16.5286
variance of residuals (reduced chisquare) = WSSR/ndf   : 273.196

Final set of parameters            Asymptotic Standard Error
=======================            ==========================
a               = 1358.2           +/- 6.748        (0.4968%)
b               = 11127.8          +/- 80.96        (0.7275%)

correlation matrix of the fit parameters:
                a      b      
a               1.000 
b              -0.696  1.000 


*******************************************************************************
Thu Mar 15 16:25:11 2018


FIT:    data read from "Kondensatorabfall.txt"
        format = z
        #datapoints = 81
        residuals are weighted equally (unit weight)

function used for fitting: f(x)
	f(x)= a*exp(-(x/b))
fitted parameters initialized with current variable values

iter      chisq       delta/lim  lambda   a             b            
   0 8.5393793801e+04   0.00e+00  4.32e+02    1.400000e+03   1.000000e+04
   4 2.1582491238e+04  -2.69e-03  4.32e+02    1.358203e+03   1.112784e+04

After 4 iterations the fit converged.
final sum of squares of residuals : 21582.5
rel. change during last iteration : -2.68671e-08

degrees of freedom    (FIT_NDF)                        : 79
rms of residuals      (FIT_STDFIT) = sqrt(WSSR/ndf)    : 16.5286
variance of residuals (reduced chisquare) = WSSR/ndf   : 273.196

Final set of parameters            Asymptotic Standard Error
=======================            ==========================
a               = 1358.2           +/- 6.748        (0.4968%)
b               = 11127.8          +/- 80.96        (0.7275%)

correlation matrix of the fit parameters:
                a      b      
a               1.000 
b              -0.696  1.000 


*******************************************************************************
Thu Mar 15 16:53:58 2018


FIT:    data read from "Kondensatorabfall.txt"
        format = z
        #datapoints = 81
        residuals are weighted equally (unit weight)

function used for fitting: f(x)
	f(x)= a*exp(-(x/b))
fitted parameters initialized with current variable values

iter      chisq       delta/lim  lambda   a             b            
   0 8.5393793801e+04   0.00e+00  4.32e+02    1.400000e+03   1.000000e+04
   4 2.1582491238e+04  -2.69e-03  4.32e+02    1.358203e+03   1.112784e+04

After 4 iterations the fit converged.
final sum of squares of residuals : 21582.5
rel. change during last iteration : -2.68671e-08

degrees of freedom    (FIT_NDF)                        : 79
rms of residuals      (FIT_STDFIT) = sqrt(WSSR/ndf)    : 16.5286
variance of residuals (reduced chisquare) = WSSR/ndf   : 273.196

Final set of parameters            Asymptotic Standard Error
=======================            ==========================
a               = 1358.2           +/- 6.748        (0.4968%)
b               = 11127.8          +/- 80.96        (0.7275%)

correlation matrix of the fit parameters:
                a      b      
a               1.000 
b              -0.696  1.000 


*******************************************************************************
Thu Mar 15 16:55:25 2018


FIT:    data read from "Kondensatorabfall.txt"
        format = z
        #datapoints = 81
        residuals are weighted equally (unit weight)

function used for fitting: f(x)
	f(x)= a*exp(-(x/b))
fitted parameters initialized with current variable values

iter      chisq       delta/lim  lambda   a             b            
   0 8.5393793801e+04   0.00e+00  4.32e+02    1.400000e+03   1.000000e+04
   4 2.1582491238e+04  -2.69e-03  4.32e+02    1.358203e+03   1.112784e+04

After 4 iterations the fit converged.
final sum of squares of residuals : 21582.5
rel. change during last iteration : -2.68671e-08

degrees of freedom    (FIT_NDF)                        : 79
rms of residuals      (FIT_STDFIT) = sqrt(WSSR/ndf)    : 16.5286
variance of residuals (reduced chisquare) = WSSR/ndf   : 273.196

Final set of parameters            Asymptotic Standard Error
=======================            ==========================
a               = 1358.2           +/- 6.748        (0.4968%)
b               = 11127.8          +/- 80.96        (0.7275%)

correlation matrix of the fit parameters:
                a      b      
a               1.000 
b              -0.696  1.000 


*******************************************************************************
Thu Mar 15 16:56:40 2018


FIT:    data read from "Kondensatorabfall.txt"
        format = z
        x range restricted to [0.00000 : 40000.0]
        #datapoints = 81
        residuals are weighted equally (unit weight)

function used for fitting: f(x)
	f(x)= a*exp(-(x/b))
fitted parameters initialized with current variable values

iter      chisq       delta/lim  lambda   a             b            
   0 8.5393793801e+04   0.00e+00  4.32e+02    1.400000e+03   1.000000e+04
   4 2.1582491238e+04  -2.69e-03  4.32e+02    1.358203e+03   1.112784e+04

After 4 iterations the fit converged.
final sum of squares of residuals : 21582.5
rel. change during last iteration : -2.68671e-08

degrees of freedom    (FIT_NDF)                        : 79
rms of residuals      (FIT_STDFIT) = sqrt(WSSR/ndf)    : 16.5286
variance of residuals (reduced chisquare) = WSSR/ndf   : 273.196

Final set of parameters            Asymptotic Standard Error
=======================            ==========================
a               = 1358.2           +/- 6.748        (0.4968%)
b               = 11127.8          +/- 80.96        (0.7275%)

correlation matrix of the fit parameters:
                a      b      
a               1.000 
b              -0.696  1.000 


*******************************************************************************
Thu Mar 15 16:59:39 2018


FIT:    data read from "Kondensatorabfall.txt"
        format = z
        x range restricted to [0.00000 : 40000.0]
        #datapoints = 81
        residuals are weighted equally (unit weight)

function used for fitting: f(x)
	f(x)= a*exp(-(x/b))
fitted parameters initialized with current variable values

iter      chisq       delta/lim  lambda   a             b            
   0 8.5393793801e+04   0.00e+00  4.32e+02    1.400000e+03   1.000000e+04
   4 2.1582491238e+04  -2.69e-03  4.32e+02    1.358203e+03   1.112784e+04

After 4 iterations the fit converged.
final sum of squares of residuals : 21582.5
rel. change during last iteration : -2.68671e-08

degrees of freedom    (FIT_NDF)                        : 79
rms of residuals      (FIT_STDFIT) = sqrt(WSSR/ndf)    : 16.5286
variance of residuals (reduced chisquare) = WSSR/ndf   : 273.196

Final set of parameters            Asymptotic Standard Error
=======================            ==========================
a               = 1358.2           +/- 6.748        (0.4968%)
b               = 11127.8          +/- 80.96        (0.7275%)

correlation matrix of the fit parameters:
                a      b      
a               1.000 
b              -0.696  1.000 


*******************************************************************************
Thu Mar 15 17:00:05 2018


FIT:    data read from "Kondensatorabfall.txt"
        format = z
        x range restricted to [0.00000 : 40000.0]
        #datapoints = 81
        residuals are weighted equally (unit weight)

function used for fitting: f(x)
	f(x)= a*exp(-(x/b))
fitted parameters initialized with current variable values

iter      chisq       delta/lim  lambda   a             b            
   0 8.5393793801e+04   0.00e+00  4.32e+02    1.400000e+03   1.000000e+04
   4 2.1582491238e+04  -2.69e-03  4.32e+02    1.358203e+03   1.112784e+04

After 4 iterations the fit converged.
final sum of squares of residuals : 21582.5
rel. change during last iteration : -2.68671e-08

degrees of freedom    (FIT_NDF)                        : 79
rms of residuals      (FIT_STDFIT) = sqrt(WSSR/ndf)    : 16.5286
variance of residuals (reduced chisquare) = WSSR/ndf   : 273.196

Final set of parameters            Asymptotic Standard Error
=======================            ==========================
a               = 1358.2           +/- 6.748        (0.4968%)
b               = 11127.8          +/- 80.96        (0.7275%)

correlation matrix of the fit parameters:
                a      b      
a               1.000 
b              -0.696  1.000 


*******************************************************************************
Thu Mar 15 17:01:45 2018


FIT:    data read from "Kondensatorabfall.txt"
        format = z
        x range restricted to [0.00000 : 40000.0]
        #datapoints = 81
        residuals are weighted equally (unit weight)

function used for fitting: f(x)
	f(x)= a*exp(-(x/b))
fitted parameters initialized with current variable values

iter      chisq       delta/lim  lambda   a             b            
   0 8.5393793801e+04   0.00e+00  4.32e+02    1.400000e+03   1.000000e+04
   4 2.1582491238e+04  -2.69e-03  4.32e+02    1.358203e+03   1.112784e+04

After 4 iterations the fit converged.
final sum of squares of residuals : 21582.5
rel. change during last iteration : -2.68671e-08

degrees of freedom    (FIT_NDF)                        : 79
rms of residuals      (FIT_STDFIT) = sqrt(WSSR/ndf)    : 16.5286
variance of residuals (reduced chisquare) = WSSR/ndf   : 273.196

Final set of parameters            Asymptotic Standard Error
=======================            ==========================
a               = 1358.2           +/- 6.748        (0.4968%)
b               = 11127.8          +/- 80.96        (0.7275%)

correlation matrix of the fit parameters:
                a      b      
a               1.000 
b              -0.696  1.000 


*******************************************************************************
Thu Mar 15 17:02:13 2018


FIT:    data read from "Kondensatorabfall.txt"
        format = z
        x range restricted to [0.00000 : 40000.0]
        #datapoints = 81
        residuals are weighted equally (unit weight)

function used for fitting: f(x)
	f(x)= a*exp(-(x/b))
fitted parameters initialized with current variable values

iter      chisq       delta/lim  lambda   a             b            
   0 8.5393793801e+04   0.00e+00  4.32e+02    1.400000e+03   1.000000e+04
   4 2.1582491238e+04  -2.69e-03  4.32e+02    1.358203e+03   1.112784e+04

After 4 iterations the fit converged.
final sum of squares of residuals : 21582.5
rel. change during last iteration : -2.68671e-08

degrees of freedom    (FIT_NDF)                        : 79
rms of residuals      (FIT_STDFIT) = sqrt(WSSR/ndf)    : 16.5286
variance of residuals (reduced chisquare) = WSSR/ndf   : 273.196

Final set of parameters            Asymptotic Standard Error
=======================            ==========================
a               = 1358.2           +/- 6.748        (0.4968%)
b               = 11127.8          +/- 80.96        (0.7275%)

correlation matrix of the fit parameters:
                a      b      
a               1.000 
b              -0.696  1.000 


*******************************************************************************
Thu Mar 15 17:04:06 2018


FIT:    data read from "Kondensatorabfall.txt"
        format = z
        x range restricted to [0.00000 : 40000.0]
        #datapoints = 81
        residuals are weighted equally (unit weight)

function used for fitting: f(x)
	f(x)= a*exp(-(x/b))
fitted parameters initialized with current variable values

iter      chisq       delta/lim  lambda   a             b            
   0 8.5393793801e+04   0.00e+00  4.32e+02    1.400000e+03   1.000000e+04
   4 2.1582491238e+04  -2.69e-03  4.32e+02    1.358203e+03   1.112784e+04

After 4 iterations the fit converged.
final sum of squares of residuals : 21582.5
rel. change during last iteration : -2.68671e-08

degrees of freedom    (FIT_NDF)                        : 79
rms of residuals      (FIT_STDFIT) = sqrt(WSSR/ndf)    : 16.5286
variance of residuals (reduced chisquare) = WSSR/ndf   : 273.196

Final set of parameters            Asymptotic Standard Error
=======================            ==========================
a               = 1358.2           +/- 6.748        (0.4968%)
b               = 11127.8          +/- 80.96        (0.7275%)

correlation matrix of the fit parameters:
                a      b      
a               1.000 
b              -0.696  1.000 


*******************************************************************************
Thu Mar 15 17:05:23 2018


FIT:    data read from "Kondensatorabfall.txt"
        format = z
        x range restricted to [0.00000 : 40000.0]
        #datapoints = 81
        residuals are weighted equally (unit weight)

function used for fitting: f(x)
	f(x)= a*exp(-(x/b))
fitted parameters initialized with current variable values

iter      chisq       delta/lim  lambda   a             b            
   0 8.5393793801e+04   0.00e+00  4.32e+02    1.400000e+03   1.000000e+04
   4 2.1582491238e+04  -2.69e-03  4.32e+02    1.358203e+03   1.112784e+04

After 4 iterations the fit converged.
final sum of squares of residuals : 21582.5
rel. change during last iteration : -2.68671e-08

degrees of freedom    (FIT_NDF)                        : 79
rms of residuals      (FIT_STDFIT) = sqrt(WSSR/ndf)    : 16.5286
variance of residuals (reduced chisquare) = WSSR/ndf   : 273.196

Final set of parameters            Asymptotic Standard Error
=======================            ==========================
a               = 1358.2           +/- 6.748        (0.4968%)
b               = 11127.8          +/- 80.96        (0.7275%)

correlation matrix of the fit parameters:
                a      b      
a               1.000 
b              -0.696  1.000 


*******************************************************************************
Thu Mar 15 17:05:48 2018


FIT:    data read from "Kondensatorabfall.txt"
        format = z
        x range restricted to [0.00000 : 40000.0]
        #datapoints = 81
        residuals are weighted equally (unit weight)

function used for fitting: f(x)
	f(x)= a*exp(-(x/b))
fitted parameters initialized with current variable values

iter      chisq       delta/lim  lambda   a             b            
   0 8.5393793801e+04   0.00e+00  4.32e+02    1.400000e+03   1.000000e+04
   4 2.1582491238e+04  -2.69e-03  4.32e+02    1.358203e+03   1.112784e+04

After 4 iterations the fit converged.
final sum of squares of residuals : 21582.5
rel. change during last iteration : -2.68671e-08

degrees of freedom    (FIT_NDF)                        : 79
rms of residuals      (FIT_STDFIT) = sqrt(WSSR/ndf)    : 16.5286
variance of residuals (reduced chisquare) = WSSR/ndf   : 273.196

Final set of parameters            Asymptotic Standard Error
=======================            ==========================
a               = 1358.2           +/- 6.748        (0.4968%)
b               = 11127.8          +/- 80.96        (0.7275%)

correlation matrix of the fit parameters:
                a      b      
a               1.000 
b              -0.696  1.000 


*******************************************************************************
Thu Mar 15 17:06:02 2018


FIT:    data read from "Kondensatorabfall.txt"
        format = z
        x range restricted to [0.00000 : 40000.0]
        #datapoints = 81
        residuals are weighted equally (unit weight)

function used for fitting: f(x)
	f(x)= a*exp(-(x/b))
fitted parameters initialized with current variable values

iter      chisq       delta/lim  lambda   a             b            
   0 8.5393793801e+04   0.00e+00  4.32e+02    1.400000e+03   1.000000e+04
   4 2.1582491238e+04  -2.69e-03  4.32e+02    1.358203e+03   1.112784e+04

After 4 iterations the fit converged.
final sum of squares of residuals : 21582.5
rel. change during last iteration : -2.68671e-08

degrees of freedom    (FIT_NDF)                        : 79
rms of residuals      (FIT_STDFIT) = sqrt(WSSR/ndf)    : 16.5286
variance of residuals (reduced chisquare) = WSSR/ndf   : 273.196

Final set of parameters            Asymptotic Standard Error
=======================            ==========================
a               = 1358.2           +/- 6.748        (0.4968%)
b               = 11127.8          +/- 80.96        (0.7275%)

correlation matrix of the fit parameters:
                a      b      
a               1.000 
b              -0.696  1.000 


*******************************************************************************
Thu Mar 15 17:06:51 2018


FIT:    data read from "Kondensatorabfall.txt"
        format = z
        x range restricted to [0.00000 : 40000.0]
        #datapoints = 81
        residuals are weighted equally (unit weight)

function used for fitting: f(x)
	f(x)= a*exp(-(x/b))
fitted parameters initialized with current variable values

iter      chisq       delta/lim  lambda   a             b            
   0 8.5393793801e+04   0.00e+00  4.32e+02    1.400000e+03   1.000000e+04
   4 2.1582491238e+04  -2.69e-03  4.32e+02    1.358203e+03   1.112784e+04

After 4 iterations the fit converged.
final sum of squares of residuals : 21582.5
rel. change during last iteration : -2.68671e-08

degrees of freedom    (FIT_NDF)                        : 79
rms of residuals      (FIT_STDFIT) = sqrt(WSSR/ndf)    : 16.5286
variance of residuals (reduced chisquare) = WSSR/ndf   : 273.196

Final set of parameters            Asymptotic Standard Error
=======================            ==========================
a               = 1358.2           +/- 6.748        (0.4968%)
b               = 11127.8          +/- 80.96        (0.7275%)

correlation matrix of the fit parameters:
                a      b      
a               1.000 
b              -0.696  1.000 


*******************************************************************************
Thu Mar 15 17:08:11 2018


FIT:    data read from "Kondensatorabfall.txt"
        format = z
        x range restricted to [0.00000 : 40000.0]
        #datapoints = 81
        residuals are weighted equally (unit weight)

function used for fitting: f(x)
	f(x)= a*exp(-(x/b))
fitted parameters initialized with current variable values

iter      chisq       delta/lim  lambda   a             b            
   0 8.5393793801e+04   0.00e+00  4.32e+02    1.400000e+03   1.000000e+04
   4 2.1582491238e+04  -2.69e-03  4.32e+02    1.358203e+03   1.112784e+04

After 4 iterations the fit converged.
final sum of squares of residuals : 21582.5
rel. change during last iteration : -2.68671e-08

degrees of freedom    (FIT_NDF)                        : 79
rms of residuals      (FIT_STDFIT) = sqrt(WSSR/ndf)    : 16.5286
variance of residuals (reduced chisquare) = WSSR/ndf   : 273.196

Final set of parameters            Asymptotic Standard Error
=======================            ==========================
a               = 1358.2           +/- 6.748        (0.4968%)
b               = 11127.8          +/- 80.96        (0.7275%)

correlation matrix of the fit parameters:
                a      b      
a               1.000 
b              -0.696  1.000 


*******************************************************************************
Thu Mar 15 17:09:09 2018


FIT:    data read from "Kondensatorabfall.txt"
        format = z
        x range restricted to [0.00000 : 40000.0]
        #datapoints = 81
        residuals are weighted equally (unit weight)

function used for fitting: f(x)
	f(x)= a*exp(-(x/b))
fitted parameters initialized with current variable values

iter      chisq       delta/lim  lambda   a             b            
   0 8.5393793801e+04   0.00e+00  4.32e+02    1.400000e+03   1.000000e+04
   4 2.1582491238e+04  -2.69e-03  4.32e+02    1.358203e+03   1.112784e+04

After 4 iterations the fit converged.
final sum of squares of residuals : 21582.5
rel. change during last iteration : -2.68671e-08

degrees of freedom    (FIT_NDF)                        : 79
rms of residuals      (FIT_STDFIT) = sqrt(WSSR/ndf)    : 16.5286
variance of residuals (reduced chisquare) = WSSR/ndf   : 273.196

Final set of parameters            Asymptotic Standard Error
=======================            ==========================
a               = 1358.2           +/- 6.748        (0.4968%)
b               = 11127.8          +/- 80.96        (0.7275%)

correlation matrix of the fit parameters:
                a      b      
a               1.000 
b              -0.696  1.000 


*******************************************************************************
Thu Mar 15 17:10:40 2018


FIT:    data read from "Kondensatorabfall.txt"
        format = z
        x range restricted to [0.00000 : 40000.0]
        #datapoints = 81
        residuals are weighted equally (unit weight)

function used for fitting: f(x)
	f(x)= a*exp(-(x/b))
fitted parameters initialized with current variable values

iter      chisq       delta/lim  lambda   a             b            
   0 8.5393793801e+04   0.00e+00  4.32e+02    1.400000e+03   1.000000e+04
   4 2.1582491238e+04  -2.69e-03  4.32e+02    1.358203e+03   1.112784e+04

After 4 iterations the fit converged.
final sum of squares of residuals : 21582.5
rel. change during last iteration : -2.68671e-08

degrees of freedom    (FIT_NDF)                        : 79
rms of residuals      (FIT_STDFIT) = sqrt(WSSR/ndf)    : 16.5286
variance of residuals (reduced chisquare) = WSSR/ndf   : 273.196

Final set of parameters            Asymptotic Standard Error
=======================            ==========================
a               = 1358.2           +/- 6.748        (0.4968%)
b               = 11127.8          +/- 80.96        (0.7275%)

correlation matrix of the fit parameters:
                a      b      
a               1.000 
b              -0.696  1.000 


*******************************************************************************
Thu Mar 15 17:10:58 2018


FIT:    data read from "Kondensatorabfall.txt"
        format = z
        x range restricted to [0.00000 : 40000.0]
        #datapoints = 81
        residuals are weighted equally (unit weight)

function used for fitting: f(x)
	f(x)= a*exp(-(x/b))
fitted parameters initialized with current variable values

iter      chisq       delta/lim  lambda   a             b            
   0 8.5393793801e+04   0.00e+00  4.32e+02    1.400000e+03   1.000000e+04
   4 2.1582491238e+04  -2.69e-03  4.32e+02    1.358203e+03   1.112784e+04

After 4 iterations the fit converged.
final sum of squares of residuals : 21582.5
rel. change during last iteration : -2.68671e-08

degrees of freedom    (FIT_NDF)                        : 79
rms of residuals      (FIT_STDFIT) = sqrt(WSSR/ndf)    : 16.5286
variance of residuals (reduced chisquare) = WSSR/ndf   : 273.196

Final set of parameters            Asymptotic Standard Error
=======================            ==========================
a               = 1358.2           +/- 6.748        (0.4968%)
b               = 11127.8          +/- 80.96        (0.7275%)

correlation matrix of the fit parameters:
                a      b      
a               1.000 
b              -0.696  1.000 


*******************************************************************************
Thu Mar 15 17:19:26 2018


FIT:    data read from "Kondensatorabfall.txt"
        format = z
        #datapoints = 81
        residuals are weighted equally (unit weight)

function used for fitting: f(x)
	f(x)= a*exp(-(x/b))
fitted parameters initialized with current variable values

iter      chisq       delta/lim  lambda   a             b            
   0 8.5393793801e+04   0.00e+00  4.32e+02    1.400000e+03   1.000000e+04
   4 2.1582491238e+04  -2.69e-03  4.32e+02    1.358203e+03   1.112784e+04

After 4 iterations the fit converged.
final sum of squares of residuals : 21582.5
rel. change during last iteration : -2.68671e-08

degrees of freedom    (FIT_NDF)                        : 79
rms of residuals      (FIT_STDFIT) = sqrt(WSSR/ndf)    : 16.5286
variance of residuals (reduced chisquare) = WSSR/ndf   : 273.196

Final set of parameters            Asymptotic Standard Error
=======================            ==========================
a               = 1358.2           +/- 6.748        (0.4968%)
b               = 11127.8          +/- 80.96        (0.7275%)

correlation matrix of the fit parameters:
                a      b      
a               1.000 
b              -0.696  1.000 


*******************************************************************************
Thu Mar 15 17:20:38 2018


FIT:    data read from "Kondensatorabfall.txt"
        format = z
        #datapoints = 81
        residuals are weighted equally (unit weight)

function used for fitting: f(x)
	f(x)= a*exp(-(x/b))
fitted parameters initialized with current variable values

iter      chisq       delta/lim  lambda   a             b            
   0 8.5393793801e+04   0.00e+00  4.32e+02    1.400000e+03   1.000000e+04
   4 2.1582491238e+04  -2.69e-03  4.32e+02    1.358203e+03   1.112784e+04

After 4 iterations the fit converged.
final sum of squares of residuals : 21582.5
rel. change during last iteration : -2.68671e-08

degrees of freedom    (FIT_NDF)                        : 79
rms of residuals      (FIT_STDFIT) = sqrt(WSSR/ndf)    : 16.5286
variance of residuals (reduced chisquare) = WSSR/ndf   : 273.196

Final set of parameters            Asymptotic Standard Error
=======================            ==========================
a               = 1358.2           +/- 6.748        (0.4968%)
b               = 11127.8          +/- 80.96        (0.7275%)

correlation matrix of the fit parameters:
                a      b      
a               1.000 
b              -0.696  1.000 


*******************************************************************************
Thu Mar 15 17:21:14 2018


FIT:    data read from "Kondensatorabfall.txt"
        format = z
        #datapoints = 81
        residuals are weighted equally (unit weight)

function used for fitting: f(x)
	f(x)= a*exp(-(x/b))
fitted parameters initialized with current variable values

iter      chisq       delta/lim  lambda   a             b            
   0 8.5393793801e+04   0.00e+00  4.32e+02    1.400000e+03   1.000000e+04
   4 2.1582491238e+04  -2.69e-03  4.32e+02    1.358203e+03   1.112784e+04

After 4 iterations the fit converged.
final sum of squares of residuals : 21582.5
rel. change during last iteration : -2.68671e-08

degrees of freedom    (FIT_NDF)                        : 79
rms of residuals      (FIT_STDFIT) = sqrt(WSSR/ndf)    : 16.5286
variance of residuals (reduced chisquare) = WSSR/ndf   : 273.196

Final set of parameters            Asymptotic Standard Error
=======================            ==========================
a               = 1358.2           +/- 6.748        (0.4968%)
b               = 11127.8          +/- 80.96        (0.7275%)

correlation matrix of the fit parameters:
                a      b      
a               1.000 
b              -0.696  1.000 


*******************************************************************************
Thu Mar 15 17:21:36 2018


FIT:    data read from "Kondensatorabfall.txt"
        format = z
        #datapoints = 81
        residuals are weighted equally (unit weight)

function used for fitting: f(x)
	f(x)= a*exp(-(x/b))
fitted parameters initialized with current variable values

iter      chisq       delta/lim  lambda   a             b            
   0 8.5393793801e+04   0.00e+00  4.32e+02    1.400000e+03   1.000000e+04
   4 2.1582491238e+04  -2.69e-03  4.32e+02    1.358203e+03   1.112784e+04

After 4 iterations the fit converged.
final sum of squares of residuals : 21582.5
rel. change during last iteration : -2.68671e-08

degrees of freedom    (FIT_NDF)                        : 79
rms of residuals      (FIT_STDFIT) = sqrt(WSSR/ndf)    : 16.5286
variance of residuals (reduced chisquare) = WSSR/ndf   : 273.196

Final set of parameters            Asymptotic Standard Error
=======================            ==========================
a               = 1358.2           +/- 6.748        (0.4968%)
b               = 11127.8          +/- 80.96        (0.7275%)

correlation matrix of the fit parameters:
                a      b      
a               1.000 
b              -0.696  1.000 


*******************************************************************************
Thu Mar 15 17:22:15 2018


FIT:    data read from "Kondensatorabfall.txt"
        format = z
        #datapoints = 81
        residuals are weighted equally (unit weight)

function used for fitting: f(x)
	f(x)= a*exp(-(x/b))
fitted parameters initialized with current variable values

iter      chisq       delta/lim  lambda   a             b            
   0 8.5393793801e+04   0.00e+00  4.32e+02    1.400000e+03   1.000000e+04
   4 2.1582491238e+04  -2.69e-03  4.32e+02    1.358203e+03   1.112784e+04

After 4 iterations the fit converged.
final sum of squares of residuals : 21582.5
rel. change during last iteration : -2.68671e-08

degrees of freedom    (FIT_NDF)                        : 79
rms of residuals      (FIT_STDFIT) = sqrt(WSSR/ndf)    : 16.5286
variance of residuals (reduced chisquare) = WSSR/ndf   : 273.196

Final set of parameters            Asymptotic Standard Error
=======================            ==========================
a               = 1358.2           +/- 6.748        (0.4968%)
b               = 11127.8          +/- 80.96        (0.7275%)

correlation matrix of the fit parameters:
                a      b      
a               1.000 
b              -0.696  1.000 


*******************************************************************************
Thu Mar 15 17:24:36 2018


FIT:    data read from "Kondensatorabfall.txt"
        format = z
        #datapoints = 81
        residuals are weighted equally (unit weight)

function used for fitting: f(x)
	f(x)= a*exp(-(x/b))
fitted parameters initialized with current variable values

iter      chisq       delta/lim  lambda   a             b            
   0 8.5393793801e+04   0.00e+00  4.32e+02    1.400000e+03   1.000000e+04
   4 2.1582491238e+04  -2.69e-03  4.32e+02    1.358203e+03   1.112784e+04

After 4 iterations the fit converged.
final sum of squares of residuals : 21582.5
rel. change during last iteration : -2.68671e-08

degrees of freedom    (FIT_NDF)                        : 79
rms of residuals      (FIT_STDFIT) = sqrt(WSSR/ndf)    : 16.5286
variance of residuals (reduced chisquare) = WSSR/ndf   : 273.196

Final set of parameters            Asymptotic Standard Error
=======================            ==========================
a               = 1358.2           +/- 6.748        (0.4968%)
b               = 11127.8          +/- 80.96        (0.7275%)

correlation matrix of the fit parameters:
                a      b      
a               1.000 
b              -0.696  1.000 


*******************************************************************************
Thu Mar 15 17:25:11 2018


FIT:    data read from "Kondensatorabfall.txt"
        format = z
        #datapoints = 81
        residuals are weighted equally (unit weight)

function used for fitting: f(x)
	f(x)= a*exp(-(x/b))
fitted parameters initialized with current variable values

iter      chisq       delta/lim  lambda   a             b            
   0 8.5393793801e+04   0.00e+00  4.32e+02    1.400000e+03   1.000000e+04
   4 2.1582491238e+04  -2.69e-03  4.32e+02    1.358203e+03   1.112784e+04

After 4 iterations the fit converged.
final sum of squares of residuals : 21582.5
rel. change during last iteration : -2.68671e-08

degrees of freedom    (FIT_NDF)                        : 79
rms of residuals      (FIT_STDFIT) = sqrt(WSSR/ndf)    : 16.5286
variance of residuals (reduced chisquare) = WSSR/ndf   : 273.196

Final set of parameters            Asymptotic Standard Error
=======================            ==========================
a               = 1358.2           +/- 6.748        (0.4968%)
b               = 11127.8          +/- 80.96        (0.7275%)

correlation matrix of the fit parameters:
                a      b      
a               1.000 
b              -0.696  1.000 


*******************************************************************************
Thu Mar 15 17:25:43 2018


FIT:    data read from "Kondensatorabfall.txt"
        format = z
        #datapoints = 81
        residuals are weighted equally (unit weight)

function used for fitting: f(x)
	f(x)= a*exp(-(x/b))
fitted parameters initialized with current variable values

iter      chisq       delta/lim  lambda   a             b            
   0 8.5393793801e+04   0.00e+00  4.32e+02    1.400000e+03   1.000000e+04
   4 2.1582491238e+04  -2.69e-03  4.32e+02    1.358203e+03   1.112784e+04

After 4 iterations the fit converged.
final sum of squares of residuals : 21582.5
rel. change during last iteration : -2.68671e-08

degrees of freedom    (FIT_NDF)                        : 79
rms of residuals      (FIT_STDFIT) = sqrt(WSSR/ndf)    : 16.5286
variance of residuals (reduced chisquare) = WSSR/ndf   : 273.196

Final set of parameters            Asymptotic Standard Error
=======================            ==========================
a               = 1358.2           +/- 6.748        (0.4968%)
b               = 11127.8          +/- 80.96        (0.7275%)

correlation matrix of the fit parameters:
                a      b      
a               1.000 
b              -0.696  1.000 


*******************************************************************************
Thu Mar 15 17:26:04 2018


FIT:    data read from "Kondensatorabfall.txt"
        format = z
        #datapoints = 81
        residuals are weighted equally (unit weight)

function used for fitting: f(x)
	f(x)= a*exp(-(x/b))
fitted parameters initialized with current variable values

iter      chisq       delta/lim  lambda   a             b            
   0 8.5393793801e+04   0.00e+00  4.32e+02    1.400000e+03   1.000000e+04
   4 2.1582491238e+04  -2.69e-03  4.32e+02    1.358203e+03   1.112784e+04

After 4 iterations the fit converged.
final sum of squares of residuals : 21582.5
rel. change during last iteration : -2.68671e-08

degrees of freedom    (FIT_NDF)                        : 79
rms of residuals      (FIT_STDFIT) = sqrt(WSSR/ndf)    : 16.5286
variance of residuals (reduced chisquare) = WSSR/ndf   : 273.196

Final set of parameters            Asymptotic Standard Error
=======================            ==========================
a               = 1358.2           +/- 6.748        (0.4968%)
b               = 11127.8          +/- 80.96        (0.7275%)

correlation matrix of the fit parameters:
                a      b      
a               1.000 
b              -0.696  1.000 


*******************************************************************************
Thu Mar 15 17:26:57 2018


FIT:    data read from "Kondensatorabfall.txt"
        format = z
        #datapoints = 81
        residuals are weighted equally (unit weight)

function used for fitting: f(x)
	f(x)= a*exp(-(x/b))
fitted parameters initialized with current variable values

iter      chisq       delta/lim  lambda   a             b            
   0 8.5393793801e+04   0.00e+00  4.32e+02    1.400000e+03   1.000000e+04
   4 2.1582491238e+04  -2.69e-03  4.32e+02    1.358203e+03   1.112784e+04

After 4 iterations the fit converged.
final sum of squares of residuals : 21582.5
rel. change during last iteration : -2.68671e-08

degrees of freedom    (FIT_NDF)                        : 79
rms of residuals      (FIT_STDFIT) = sqrt(WSSR/ndf)    : 16.5286
variance of residuals (reduced chisquare) = WSSR/ndf   : 273.196

Final set of parameters            Asymptotic Standard Error
=======================            ==========================
a               = 1358.2           +/- 6.748        (0.4968%)
b               = 11127.8          +/- 80.96        (0.7275%)

correlation matrix of the fit parameters:
                a      b      
a               1.000 
b              -0.696  1.000 


*******************************************************************************
Thu Mar 15 17:28:04 2018


FIT:    data read from "Kondensatorabfall.txt"
        format = z
        #datapoints = 81
        residuals are weighted equally (unit weight)

function used for fitting: f(x)
	f(x)= a*exp(-(x/b))
fitted parameters initialized with current variable values

iter      chisq       delta/lim  lambda   a             b            
   0 8.5393793801e+04   0.00e+00  4.32e+02    1.400000e+03   1.000000e+04
   4 2.1582491238e+04  -2.69e-03  4.32e+02    1.358203e+03   1.112784e+04

After 4 iterations the fit converged.
final sum of squares of residuals : 21582.5
rel. change during last iteration : -2.68671e-08

degrees of freedom    (FIT_NDF)                        : 79
rms of residuals      (FIT_STDFIT) = sqrt(WSSR/ndf)    : 16.5286
variance of residuals (reduced chisquare) = WSSR/ndf   : 273.196

Final set of parameters            Asymptotic Standard Error
=======================            ==========================
a               = 1358.2           +/- 6.748        (0.4968%)
b               = 11127.8          +/- 80.96        (0.7275%)

correlation matrix of the fit parameters:
                a      b      
a               1.000 
b              -0.696  1.000 
